\BOOKMARK [0][]{chapter.1}{1 Johdanto}{}% 1
\BOOKMARK [0][]{chapter.2}{2 Palaute}{}% 2
\BOOKMARK [1][]{subsection.2.0.1}{2.0.1 Millaista on hyv\344 palaute?}{chapter.2}% 3
\BOOKMARK [2][]{subsection.2.0.2}{2.0.2 Formatiivinen palaute}{subsection.2.0.1}% 4
\BOOKMARK [2][]{subsection.2.0.3}{2.0.3 Summatiivinen palaute}{subsection.2.0.1}% 5
\BOOKMARK [0][]{chapter.3}{3 \304\344nipalaute}{}% 6
\BOOKMARK [1][]{section.3.1}{3.1 Hyv\344t ja huonot puolet}{chapter.3}% 7
\BOOKMARK [1][]{section.3.2}{3.2 \304\344nipalautteen antaminen}{chapter.3}% 8
\BOOKMARK [0][]{chapter.4}{4 Tutkimusmenetelm\344}{}% 9
\BOOKMARK [1][]{section.4.1}{4.1 Suunnittelututkimuksen syklit}{chapter.4}% 10
\BOOKMARK [1][]{section.4.2}{4.2 Artefaktien evaluointi}{chapter.4}% 11
\BOOKMARK [0][]{chapter.5}{5 Ty\366kalun suunnittelu ja toteutus}{}% 12
\BOOKMARK [1][]{section.5.1}{5.1 Tekniset toteutusratkaisut}{chapter.5}% 13
\BOOKMARK [1][]{section.5.2}{5.2 Hy\366dynnetyt k\344ytett\344vyysperiaatteet}{chapter.5}% 14
\BOOKMARK [2][]{subsection.5.2.1}{5.2.1 Gestaltin hahmolait}{section.5.2}% 15
\BOOKMARK [2][]{subsection.5.2.2}{5.2.2 Nielsenin heuristiikat}{section.5.2}% 16
\BOOKMARK [1][]{section.5.3}{5.3 K\344ytt\366liittym\344}{chapter.5}% 17
\BOOKMARK [1][]{section.5.4}{5.4 Perustoiminnot}{chapter.5}% 18
\BOOKMARK [2][]{subsection.5.4.1}{5.4.1 Record}{section.5.4}% 19
\BOOKMARK [2][]{subsection.5.4.2}{5.4.2 Insert Record}{section.5.4}% 20
\BOOKMARK [2][]{subsection.5.4.3}{5.4.3 Play}{section.5.4}% 21
\BOOKMARK [2][]{subsection.5.4.4}{5.4.4 Preview}{section.5.4}% 22
\BOOKMARK [2][]{subsection.5.4.5}{5.4.5 Split}{section.5.4}% 23
\BOOKMARK [2][]{subsection.5.4.6}{5.4.6 Delete}{section.5.4}% 24
\BOOKMARK [1][]{section.5.5}{5.5 Erikoistoiminnot}{chapter.5}% 25
\BOOKMARK [2][]{subsection.5.5.1}{5.5.1 Start New}{section.5.5}% 26
\BOOKMARK [2][]{subsection.5.5.2}{5.5.2 Import}{section.5.5}% 27
\BOOKMARK [2][]{subsection.5.5.3}{5.5.3 Save}{section.5.5}% 28
\BOOKMARK [0][]{chapter.6}{6 Evaluointi}{}% 29
\BOOKMARK [1][]{section.6.1}{6.1 Ensimm\344inen iteraatio}{chapter.6}% 30
\BOOKMARK [1][]{section.6.2}{6.2 Toinen iteraatio}{chapter.6}% 31
\BOOKMARK [1][]{section.6.3}{6.3 Toinen iteraatio}{chapter.6}% 32
\BOOKMARK [1][]{section.6.4}{6.4 \304\344nipalautteen antamisen helpottaminen}{chapter.6}% 33
\BOOKMARK [1][]{section.6.5}{6.5 Kokemus \344\344nipalautteen antamisesta}{chapter.6}% 34
\BOOKMARK [0][]{chapter.7}{7 Tulokset}{}% 35
\BOOKMARK [1][]{section.7.1}{7.1 Ensimm\344inen iteraatio}{chapter.7}% 36
\BOOKMARK [2][]{subsection.7.1.1}{7.1.1 Perustoimintoja koskevat tulokset}{section.7.1}% 37
\BOOKMARK [2][]{subsection.7.1.2}{7.1.2 Yleiset tulokset/huomiot?}{section.7.1}% 38
\BOOKMARK [1][]{section.7.2}{7.2 Toinen iteraatio}{chapter.7}% 39
\BOOKMARK [2][]{subsection.7.2.1}{7.2.1 Perustoimintoja koskevat tulokset}{section.7.2}% 40
\BOOKMARK [2][]{subsection.7.2.2}{7.2.2 Yleiset tulokset/huomiot?}{section.7.2}% 41
\BOOKMARK [0][]{chapter.8}{8 Pohdinta}{}% 42
\BOOKMARK [1][]{section.8.1}{8.1 }{chapter.8}% 43
\BOOKMARK [1][]{section.8.2}{8.2 }{chapter.8}% 44
\BOOKMARK [1][]{section.8.3}{8.3 Jatkokehitys}{chapter.8}% 45
\BOOKMARK [0][]{chapter.9}{9 Yhteenveto}{}% 46
\BOOKMARK [0][]{section*.3}{L\344hteet}{}% 47
\BOOKMARK [0][]{section*.5}{Liitteet}{}% 48
\BOOKMARK [1][]{section.I.1}{A Ensimm\344isen iteraation kyselylomake}{section*.5}% 49
